<?xml version="1.0" encoding="UTF-8"?>
<testsuite xmlns:xsi="http://www.w3.org/2001/XMLSchema-instance" xsi:noNamespaceSchemaLocation="https://maven.apache.org/surefire/maven-surefire-plugin/xsd/surefire-test-report-3.0.xsd" version="3.0" name="pucp.edu.pe.pucpconnect.persistence.daoimpl.Usuarios.UsuarioDAOImplTest" time="1.988" tests="2" errors="0" skipped="0" failures="0">
  <properties>
[...]
</properties>
  <testcase name="testBuscarPorId" classname="pucp.edu.pe.pucpconnect.persistence.daoimpl.Usuarios.UsuarioDAOImplTest" time="1.178">
    <system-out><![CDATA[Iniciando tests de UsuarioDAOImpl...
]]></system-out>
  </testcase>
  <testcase name="testGetInsertPS" classname="pucp.edu.pe.pucpconnect.persistence.daoimpl.Usuarios.UsuarioDAOImplTest" time="0.761"/>
</testsuite>