<?xml version="1.0" encoding="UTF-8"?>
<testsuite xmlns:xsi="http://www.w3.org/2001/XMLSchema-instance" xsi:noNamespaceSchemaLocation="https://maven.apache.org/surefire/maven-surefire-plugin/xsd/surefire-test-report-3.0.xsd" version="3.0" name="pucp.edu.pe.pucpconnect.persistence.daoimpl.Usuarios.AlumnoDAOImplTest" time="2.371" tests="1" errors="0" skipped="0" failures="0">
  <properties>
[...]
</properties>
  <testcase name="testBuscarPorIdUsuario" classname="pucp.edu.pe.pucpconnect.persistence.daoimpl.Usuarios.AlumnoDAOImplTest" time="2.344">
    <system-out><![CDATA[=== testBuscarPorIdUsuario ===
Alumno encontrado:
ID: 42
Nombre: Fernando De La Cruz
Password: 123456
Estado: true
Fecha de registro: 2025-06-23T11:25:22
Email: ftest@pucp.edu.pe
Visible: true
Edad: 24
Carrera: Ing. Informatica
Foto Perfil: interfacus.jpg
Ubicación: AV. Universitaria
Biografía: Ingeniero Informático, Desarrolador de PUCP Connect, plataforma de integración para miembros de la comunidad PUCP. Integrante del grupo: Los Recursivos.
]]></system-out>
  </testcase>
</testsuite>