<?xml version="1.0" encoding="UTF-8"?>
<testsuite xmlns:xsi="http://www.w3.org/2001/XMLSchema-instance" xsi:noNamespaceSchemaLocation="https://maven.apache.org/surefire/maven-surefire-plugin/xsd/surefire-test-report-3.0.xsd" version="3.0" name="pucp.edu.pe.pucpconnect.business.impl.NotificacionServiceImplTest" time="39.429" tests="8" errors="0" skipped="0" failures="0">
  <properties>
[...]
</properties>
  <testcase name="testCrearNotificacion" classname="pucp.edu.pe.pucpconnect.business.impl.NotificacionServiceImplTest" time="3.303"/>
  <testcase name="testCambiarEstado" classname="pucp.edu.pe.pucpconnect.business.impl.NotificacionServiceImplTest" time="6.059"/>
  <testcase name="testNotificarSolicitudConexion" classname="pucp.edu.pe.pucpconnect.business.impl.NotificacionServiceImplTest" time="4.349"/>
  <testcase name="testListarNotificaciones" classname="pucp.edu.pe.pucpconnect.business.impl.NotificacionServiceImplTest" time="4.304"/>
  <testcase name="testNotificarMensajeRecibidoGenerico" classname="pucp.edu.pe.pucpconnect.business.impl.NotificacionServiceImplTest" time="4.288"/>
  <testcase name="testNotificarMensajeRecibido" classname="pucp.edu.pe.pucpconnect.business.impl.NotificacionServiceImplTest" time="4.017"/>
  <testcase name="testMarcarComoVisto" classname="pucp.edu.pe.pucpconnect.business.impl.NotificacionServiceImplTest" time="5.697"/>
  <testcase name="testNotificarMatchDistintos" classname="pucp.edu.pe.pucpconnect.business.impl.NotificacionServiceImplTest" time="7.353"/>
</testsuite>